<?xml version="1.0" encoding="UTF-8"?>
<testng-results skipped="0" failed="0" ignored="0" total="1" passed="1">
  <reporter-output>
  </reporter-output>
  <suite name="Suite" duration-ms="10378" started-at="2023-03-20T07:40:52 IST" finished-at="2023-03-20T07:41:02 IST">
    <groups>
    </groups>
    <test name="Test" duration-ms="10378" started-at="2023-03-20T07:40:52 IST" finished-at="2023-03-20T07:41:02 IST">
      <class name="pack1.c1">
        <test-method status="PASS" signature="t1(java.lang.String,java.lang.String)[pri:0, instance:pack1.c1@4b1c1ea0]" name="t1" duration-ms="10341" started-at="2023-03-20T07:40:52 IST" finished-at="2023-03-20T07:41:02 IST">
          <params>
            <param index="0">
              <value>
                <![CDATA[Dhivyakarthi123]]>
              </value>
            </param>
            <param index="1">
              <value>
                <![CDATA[12345]]>
              </value>
            </param>
          </params>
          <reporter-output>
          </reporter-output>
        </test-method> <!-- t1 -->
      </class> <!-- pack1.c1 -->
    </test> <!-- Test -->
  </suite> <!-- Suite -->
</testng-results>
